2026-03-19 10:58:17,240 - INFO - Initializing GitHub Committer...
2026-03-19 10:58:17,240 - INFO - Loaded configuration: 34 commit messages
2026-03-19 10:58:17,240 - INFO - Using project path: D:\Projects\Practice Projects\Git\Github-Commit\Imagine-AI-UI
2026-03-19 10:58:17,241 - INFO - Initializing new git repository at D:\Projects\Practice Projects\Git\Github-Commit\Imagine-AI-UI
2026-03-19 10:58:17,399 - INFO - Created remote 'origin' for fortunatoman/Imagine-AI-UI
2026-03-19 10:58:19,113 - INFO - GitHub authentication successful: fortunatoman
2026-03-19 10:58:19,114 - INFO - Initialization complete
2026-03-19 10:58:19,115 - INFO - Generated schedule: 2 weekdays, 0 weekend days, 0 sick days skipped
2026-03-19 10:58:19,115 - INFO - Schedule: 2 days, 34 total commits
2026-03-19 10:58:19,115 - INFO - Already completed: 0 commits
2026-03-19 10:58:19,118 - INFO - Modified 4 files
2026-03-19 10:58:23,407 - INFO - Created commit: feat(frontend/auth): build login page with form va...
2026-03-19 10:58:23,408 - INFO - [OK] Commit created: feat(frontend/auth): build login page with form validation
2026-03-19 10:58:26,117 - INFO - Pushed to GitHub: master
2026-03-19 10:58:27,121 - INFO - Modified 4 files
2026-03-19 10:58:27,339 - INFO - Created commit: feat(frontend/auth): create registration page...
2026-03-19 10:58:27,339 - INFO - [OK] Commit created: feat(frontend/auth): create registration page
2026-03-19 10:58:29,336 - INFO - Pushed to GitHub: master
2026-03-19 10:58:30,339 - INFO - Modified 4 files
2026-03-19 10:58:30,607 - INFO - Created commit: feat(frontend/auth): implement protected route com...
2026-03-19 10:58:30,608 - INFO - [OK] Commit created: feat(frontend/auth): implement protected route component
2026-03-19 10:58:32,615 - INFO - Pushed to GitHub: master
2026-03-19 10:58:33,618 - INFO - Modified 4 files
2026-03-19 10:58:33,818 - INFO - Created commit: feat(frontend/auth): add auth context and useAuth ...
2026-03-19 10:58:33,819 - INFO - [OK] Commit created: feat(frontend/auth): add auth context and useAuth hook
2026-03-19 10:58:37,314 - INFO - Pushed to GitHub: master
2026-03-19 10:58:38,317 - INFO - Modified 4 files
2026-03-19 10:58:38,856 - INFO - Created commit: feat(users): implement get user profile endpoint...
2026-03-19 10:58:38,857 - INFO - [OK] Commit created: feat(users): implement get user profile endpoint
2026-03-19 10:58:40,954 - INFO - Pushed to GitHub: master
2026-03-19 10:58:41,956 - INFO - Modified 4 files
2026-03-19 10:58:42,167 - INFO - Created commit: feat(users): add update profile endpoint with vali...
2026-03-19 10:58:42,168 - INFO - [OK] Commit created: feat(users): add update profile endpoint with validation
2026-03-19 10:58:44,426 - INFO - Pushed to GitHub: master
2026-03-19 10:58:45,428 - INFO - Modified 4 files
2026-03-19 10:58:45,691 - INFO - Created commit: feat(users): implement avatar upload and processin...
2026-03-19 10:58:45,691 - INFO - [OK] Commit created: feat(users): implement avatar upload and processing
2026-03-19 10:58:47,716 - INFO - Pushed to GitHub: master
2026-03-19 10:58:48,718 - INFO - Modified 4 files
2026-03-19 10:58:48,907 - INFO - Created commit: feat(users): add delete account with data cleanup...
2026-03-19 10:58:48,908 - INFO - [OK] Commit created: feat(users): add delete account with data cleanup
2026-03-19 10:58:50,888 - INFO - Pushed to GitHub: master
2026-03-19 10:58:51,891 - INFO - Modified 4 files
2026-03-19 10:58:52,193 - INFO - Created commit: feat(users): implement admin list users with pagin...
2026-03-19 10:58:52,193 - INFO - [OK] Commit created: feat(users): implement admin list users with pagination and filters
2026-03-19 10:58:54,122 - INFO - Pushed to GitHub: master
2026-03-19 10:58:55,124 - INFO - Modified 4 files
2026-03-19 10:58:55,499 - INFO - Created commit: feat(users): add admin get user by ID endpoint...
2026-03-19 10:58:55,500 - INFO - [OK] Commit created: feat(users): add admin get user by ID endpoint
2026-03-19 10:58:57,810 - INFO - Pushed to GitHub: master
2026-03-19 10:58:58,812 - INFO - Modified 4 files
2026-03-19 10:58:59,334 - INFO - Created commit: feat(users): implement admin update user roles...
2026-03-19 10:58:59,335 - INFO - [OK] Commit created: feat(users): implement admin update user roles
2026-03-19 10:59:01,394 - INFO - Pushed to GitHub: master
2026-03-19 10:59:02,397 - INFO - Modified 4 files
2026-03-19 10:59:02,744 - INFO - Created commit: feat(users): add admin ban/unban user functionalit...
2026-03-19 10:59:02,745 - INFO - [OK] Commit created: feat(users): add admin ban/unban user functionality
2026-03-19 10:59:04,812 - INFO - Pushed to GitHub: master
2026-03-19 10:59:05,814 - INFO - Modified 4 files
2026-03-19 10:59:06,114 - INFO - Created commit: feat(frontend/users): build user profile page...
2026-03-19 10:59:06,115 - INFO - [OK] Commit created: feat(frontend/users): build user profile page
2026-03-19 10:59:08,181 - INFO - Pushed to GitHub: master
2026-03-19 10:59:09,183 - INFO - Modified 4 files
2026-03-19 10:59:09,413 - INFO - Created commit: feat(frontend/users): add profile edit form with a...
2026-03-19 10:59:09,414 - INFO - [OK] Commit created: feat(frontend/users): add profile edit form with avatar upload
2026-03-19 10:59:11,431 - INFO - Pushed to GitHub: master
2026-03-19 10:59:12,434 - INFO - Modified 4 files
2026-03-19 10:59:12,825 - INFO - Created commit: feat(frontend/users): create admin user management...
2026-03-19 10:59:12,825 - INFO - [OK] Commit created: feat(frontend/users): create admin user management table
2026-03-19 10:59:15,430 - INFO - Pushed to GitHub: master
2026-03-19 10:59:16,433 - INFO - Modified 4 files
2026-03-19 10:59:16,779 - INFO - Created commit: feat(frontend/users): add user detail modal in adm...
2026-03-19 10:59:16,780 - INFO - [OK] Commit created: feat(frontend/users): add user detail modal in admin panel
2026-03-19 10:59:20,155 - INFO - Pushed to GitHub: master
2026-03-19 10:59:21,157 - INFO - Modified 4 files
2026-03-19 10:59:21,353 - INFO - Created commit: feat(users): implement user activity log...
2026-03-19 10:59:21,354 - INFO - [OK] Commit created: feat(users): implement user activity log
2026-03-19 10:59:26,462 - INFO - Pushed to GitHub: master
2026-03-19 10:59:27,464 - INFO - Modified 4 files
2026-03-19 10:59:27,679 - INFO - Created commit: feat(users): add account preferences endpoint...
2026-03-19 10:59:27,680 - INFO - [OK] Commit created: feat(users): add account preferences endpoint
2026-03-19 10:59:30,244 - INFO - Pushed to GitHub: master
2026-03-19 10:59:31,246 - INFO - Modified 4 files
2026-03-19 10:59:31,423 - INFO - Created commit: test(users): add tests for user CRUD operations...
2026-03-19 10:59:31,423 - INFO - [OK] Commit created: test(users): add tests for user CRUD operations
2026-03-19 10:59:33,896 - INFO - Pushed to GitHub: master
2026-03-19 10:59:34,898 - INFO - Modified 4 files
2026-03-19 10:59:35,135 - INFO - Created commit: feat: implement create product endpoint...
2026-03-19 10:59:35,137 - INFO - [OK] Commit created: feat: implement create product endpoint
2026-03-19 10:59:37,177 - INFO - Pushed to GitHub: master
2026-03-19 10:59:38,179 - INFO - Modified 4 files
2026-03-19 10:59:38,466 - INFO - Created commit: feat: add list products with pagination, sorting, ...
2026-03-19 10:59:38,466 - INFO - [OK] Commit created: feat: add list products with pagination, sorting, filtering
2026-03-19 10:59:41,210 - INFO - Pushed to GitHub: master
2026-03-19 10:59:42,213 - INFO - Modified 4 files
2026-03-19 10:59:42,437 - INFO - Created commit: feat: implement get product by ID or slug...
2026-03-19 10:59:42,438 - INFO - [OK] Commit created: feat: implement get product by ID or slug
2026-03-19 10:59:44,493 - INFO - Pushed to GitHub: master
2026-03-19 10:59:45,496 - INFO - Modified 4 files
